2021-12-06T22:43:48+00:00 CRITICAL syntax error, unexpected 'update_option' (T_STRING), em /home/matheus/repositorio/handel/app/public/wp-content/themes/handel/functions.php, na linha 16

2021-12-06T22:43:51+00:00 CRITICAL syntax error, unexpected 'update_option' (T_STRING), em /home/matheus/repositorio/handel/app/public/wp-content/themes/handel/functions.php, na linha 16

2021-12-06T22:43:55+00:00 CRITICAL syntax error, unexpected 'update_option' (T_STRING), em /home/matheus/repositorio/handel/app/public/wp-content/themes/handel/functions.php, na linha 16

2021-12-06T22:43:55+00:00 CRITICAL syntax error, unexpected 'update_option' (T_STRING), em /home/matheus/repositorio/handel/app/public/wp-content/themes/handel/functions.php, na linha 16

2021-12-06T22:43:55+00:00 CRITICAL syntax error, unexpected 'update_option' (T_STRING), em /home/matheus/repositorio/handel/app/public/wp-content/themes/handel/functions.php, na linha 16

2021-12-06T23:04:48+00:00 CRITICAL syntax error, unexpected 'function' (T_FUNCTION), em /home/matheus/repositorio/handel/app/public/wp-content/themes/handel/functions.php, na linha 21

2021-12-06T23:04:48+00:00 CRITICAL syntax error, unexpected 'function' (T_FUNCTION), em /home/matheus/repositorio/handel/app/public/wp-content/themes/handel/functions.php, na linha 21

2021-12-06T23:04:53+00:00 CRITICAL syntax error, unexpected 'function' (T_FUNCTION), em /home/matheus/repositorio/handel/app/public/wp-content/themes/handel/functions.php, na linha 21

2021-12-06T23:04:53+00:00 CRITICAL syntax error, unexpected 'function' (T_FUNCTION), em /home/matheus/repositorio/handel/app/public/wp-content/themes/handel/functions.php, na linha 21

2021-12-06T23:04:54+00:00 CRITICAL syntax error, unexpected 'function' (T_FUNCTION), em /home/matheus/repositorio/handel/app/public/wp-content/themes/handel/functions.php, na linha 21

2021-12-06T23:04:54+00:00 CRITICAL syntax error, unexpected 'function' (T_FUNCTION), em /home/matheus/repositorio/handel/app/public/wp-content/themes/handel/functions.php, na linha 21

2021-12-06T23:04:55+00:00 CRITICAL syntax error, unexpected 'function' (T_FUNCTION), em /home/matheus/repositorio/handel/app/public/wp-content/themes/handel/functions.php, na linha 21

2021-12-06T23:04:55+00:00 CRITICAL syntax error, unexpected 'function' (T_FUNCTION), em /home/matheus/repositorio/handel/app/public/wp-content/themes/handel/functions.php, na linha 21

2021-12-06T23:43:16+00:00 CRITICAL Uncaught Error: Call to undefined function the_query_search() in /home/matheus/repositorio/handel/app/public/wp-content/themes/handel/header.php:25
Stack trace:
#0 /home/matheus/repositorio/handel/app/public/wp-includes/template.php(770): require_once()
#1 /home/matheus/repositorio/handel/app/public/wp-includes/template.php(716): load_template('/home/matheus/r...', true, Array)
#2 /home/matheus/repositorio/handel/app/public/wp-includes/general-template.php(48): locate_template(Array, true, true, Array)
#3 /home/matheus/repositorio/handel/app/public/wp-content/themes/handel/page-home.php(3): get_header()
#4 /home/matheus/repositorio/handel/app/public/wp-includes/template-loader.php(106): include('/home/matheus/r...')
#5 /home/matheus/repositorio/handel/app/public/wp-blog-header.php(19): require_once('/home/matheus/r...')
#6 /home/matheus/repositorio/handel/app/public/index.php(17): require('/home/matheus/r...')
#7 {main}
  thrown, em /home/matheus/repositorio/handel/app/public/wp-content/themes/handel/header.php, na linha 25

2021-12-06T23:43:17+00:00 CRITICAL Uncaught Error: Call to undefined function the_query_search() in /home/matheus/repositorio/handel/app/public/wp-content/themes/handel/header.php:25
Stack trace:
#0 /home/matheus/repositorio/handel/app/public/wp-includes/template.php(770): require_once()
#1 /home/matheus/repositorio/handel/app/public/wp-includes/template.php(716): load_template('/home/matheus/r...', true, Array)
#2 /home/matheus/repositorio/handel/app/public/wp-includes/general-template.php(48): locate_template(Array, true, true, Array)
#3 /home/matheus/repositorio/handel/app/public/wp-content/themes/handel/page-home.php(3): get_header()
#4 /home/matheus/repositorio/handel/app/public/wp-includes/template-loader.php(106): include('/home/matheus/r...')
#5 /home/matheus/repositorio/handel/app/public/wp-blog-header.php(19): require_once('/home/matheus/r...')
#6 /home/matheus/repositorio/handel/app/public/index.php(17): require('/home/matheus/r...')
#7 {main}
  thrown, em /home/matheus/repositorio/handel/app/public/wp-content/themes/handel/header.php, na linha 25

